<?xml version="1.0" encoding="utf-8"?><testsuites name="pytest tests"><testsuite name="pytest" errors="0" failures="0" skipped="0" tests="27" time="12.130" timestamp="2026-07-19T09:08:33.497851+00:00" hostname="agent-env-76e2287a-d0f1-4d99-9d33-fc93286bf75d"><testcase classname="tests.backend_test.TestRegression" name="test_driver_cannot_create_vehicle" time="0.671" /><testcase classname="tests.backend_test.TestAuthAndDemoRemoval" name="test_login_admin" time="0.669" /><testcase classname="tests.backend_test.TestAuthAndDemoRemoval" name="test_login_bad" time="0.315" /><testcase classname="tests.backend_test.TestRegression" name="test_driver_cannot_generate" time="0.315" /><testcase classname="tests.backend_test.TestAuthAndDemoRemoval" name="test_me_no_token" time="0.096" /><testcase classname="tests.backend_test.TestAuthAndDemoRemoval" name="test_demo_drivers_removed" time="0.278" /><testcase classname="tests.backend_test.TestAuthAndDemoRemoval" name="test_demo_login_removed" time="0.100" /><testcase classname="tests.backend_test.TestRegression" name="test_slots_meta" time="0.549" /><testcase classname="tests.backend_test.TestRotation" name="test_rotation_endpoint_shape" time="0.106" /><testcase classname="tests.backend_test.TestRegression" name="test_vehicle_crud" time="0.324" /><testcase classname="tests.backend_test.TestRotation" name="test_rotation_advances_week_to_week" time="0.227" /><testcase classname="tests.backend_test.TestRotation" name="test_generate_respects_weekly_rotation" time="0.324" /><testcase classname="tests.backend_test.TestRegression" name="test_route_crud_with_frequency" time="0.364" /><testcase classname="tests.backend_test.TestRotation" name="test_rest_constraint_no_early_after_pomeriggio" time="0.199" /><testcase classname="tests.backend_test.TestRegression" name="test_substitutes_and_patch" time="0.283" /><testcase classname="tests.backend_test.TestRotation" name="test_no_double_booking_same_day" time="0.097" /><testcase classname="tests.backend_test.TestSwapRequests" name="test_swap_approve_reassigns_and_notifies" time="3.871" /><testcase classname="tests.backend_test.TestRegression" name="test_absence_invalid_range" time="0.380" /><testcase classname="tests.backend_test.TestRegression" name="test_absence_crud" time="0.755" /><testcase classname="tests.backend_test.TestDriverAccounts" name="test_create_driver_with_password_grants_login" time="1.721" /><testcase classname="tests.backend_test.TestDriverAccounts" name="test_credentials_requires_email" time="0.286" /><testcase classname="tests.backend_test.TestDriverAccounts" name="test_credentials_admin_only" time="0.191" /><testcase classname="tests.backend_test.TestNotifications" name="test_notify_on_reassign_and_mark_read" time="2.397" /><testcase classname="tests.backend_test.TestSwapRequests" name="test_swap_reject_no_reassign" time="2.526" /><testcase classname="tests.backend_test.TestNotifications" name="test_notifications_require_driver" time="0.101" /><testcase classname="tests.backend_test.TestSwapRequests" name="test_swap_validation" time="2.347" /><testcase classname="tests.backend_test.TestSwapRequests" name="test_only_admin_decides" time="0.424" /></testsuite></testsuites>