<?xml version="1.0" encoding="utf-8"?><testsuites name="pytest tests"><testsuite name="pytest" errors="0" failures="0" skipped="0" tests="17" time="3.561" timestamp="2026-07-12T14:36:07.182439+00:00" hostname="agent-env-76e2287a-d0f1-4d99-9d33-fc93286bf75d"><testcase classname="tests.backend_test.TestAuth" name="test_login_admin" time="0.429" /><testcase classname="tests.backend_test.TestSeed" name="test_vehicles_seeded" time="0.944" /><testcase classname="tests.backend_test.TestAuth" name="test_login_driver" time="0.510" /><testcase classname="tests.backend_test.TestAuth" name="test_login_bad" time="0.328" /><testcase classname="tests.backend_test.TestSeed" name="test_routes_seeded" time="0.097" /><testcase classname="tests.backend_test.TestSeed" name="test_drivers_seeded" time="0.229" /><testcase classname="tests.backend_test.TestAuth" name="test_me_admin" time="0.110" /><testcase classname="tests.backend_test.TestSeed" name="test_slots_meta" time="0.107" /><testcase classname="tests.backend_test.TestAuth" name="test_me_no_token" time="0.095" /><testcase classname="tests.backend_test.TestVehicleCRUD" name="test_crud" time="0.597" /><testcase classname="tests.backend_test.TestRoleGuards" name="test_driver_cannot_create_vehicle" time="0.445" /><testcase classname="tests.backend_test.TestRoleGuards" name="test_driver_cannot_generate" time="0.095" /><testcase classname="tests.backend_test.TestRoleGuards" name="test_driver_can_read_drivers" time="0.097" /><testcase classname="tests.backend_test.TestGenerateEngine" name="test_generate_and_presto_constraint" time="0.246" /><testcase classname="tests.backend_test.TestDriverCRUD" name="test_crud_and_skills" time="0.599" /><testcase classname="tests.backend_test.TestSubstitution" name="test_substitutes_and_patch" time="0.587" /><testcase classname="tests.backend_test.TestRouteCRUD" name="test_crud" time="0.383" /></testsuite></testsuites>