<?xml version="1.0" encoding="utf-8"?><testsuites name="pytest tests"><testsuite name="pytest" errors="0" failures="0" skipped="0" tests="29" time="7.162" timestamp="2026-07-19T08:11:49.214132+00:00" hostname="agent-env-76e2287a-d0f1-4d99-9d33-fc93286bf75d"><testcase classname="tests.backend_test.TestAuth" name="test_login_admin" time="0.338" /><testcase classname="tests.backend_test.TestAuth" name="test_login_driver" time="0.316" /><testcase classname="tests.backend_test.TestAuth" name="test_login_bad" time="0.315" /><testcase classname="tests.backend_test.TestAuth" name="test_me_admin" time="0.087" /><testcase classname="tests.backend_test.TestAuth" name="test_me_no_token" time="0.095" /><testcase classname="tests.backend_test.TestRoleGuards" name="test_driver_cannot_create_vehicle" time="0.096" /><testcase classname="tests.backend_test.TestRoleGuards" name="test_driver_cannot_generate" time="0.097" /><testcase classname="tests.backend_test.TestRoleGuards" name="test_driver_can_read_drivers" time="0.100" /><testcase classname="tests.backend_test.TestSeed" name="test_vehicles_seeded" time="0.095" /><testcase classname="tests.backend_test.TestSeed" name="test_routes_seeded" time="0.115" /><testcase classname="tests.backend_test.TestSeed" name="test_drivers_seeded" time="0.092" /><testcase classname="tests.backend_test.TestSeed" name="test_slots_meta" time="0.098" /><testcase classname="tests.backend_test.TestVehicleCRUD" name="test_crud" time="0.421" /><testcase classname="tests.backend_test.TestDriverCRUD" name="test_crud_and_skills" time="0.566" /><testcase classname="tests.backend_test.TestRouteCRUD" name="test_crud" time="0.385" /><testcase classname="tests.backend_test.TestGenerateEngine" name="test_generate_and_presto_constraint" time="0.196" /><testcase classname="tests.backend_test.TestSubstitution" name="test_substitutes_and_patch" time="0.545" /><testcase classname="tests.backend_test.TestDomenicaSlot" name="test_slots_meta_has_domenica" time="0.093" /><testcase classname="tests.backend_test.TestDomenicaSlot" name="test_sunday_pinned_routes_seeded" time="0.094" /><testcase classname="tests.backend_test.TestDomenicaSlot" name="test_frequency_route_seeded" time="0.095" /><testcase classname="tests.backend_test.TestGenerateSpecificWeek" name="test_generate_and_domenica_and_frequency" time="0.275" /><testcase classname="tests.backend_test.TestRecovery" name="test_recover_creates_makeup" time="0.382" /><testcase classname="tests.backend_test.TestRouteExtras" name="test_create_frequency_route" time="0.305" /><testcase classname="tests.backend_test.TestAbsences" name="test_driver_cannot_create_absence" time="0.186" /><testcase classname="tests.backend_test.TestAbsences" name="test_driver_can_list_absences" time="0.092" /><testcase classname="tests.backend_test.TestAbsences" name="test_invalid_date_range" time="0.185" /><testcase classname="tests.backend_test.TestAbsences" name="test_crud_absence" time="0.491" /><testcase classname="tests.backend_test.TestAbsences" name="test_engine_excludes_absent_and_substitute_flags" time="0.675" /><testcase classname="tests.backend_test.TestAbsences" name="test_create_domenica_pinned_route" time="0.277" /></testsuite></testsuites>